DEBUG - 2025-02-27 21:35:44 --> Session: Class initialized using 'CodeIgniter\Session\Handlers\FileHandler' driver.
DEBUG - 2025-02-27 21:36:00 --> Session: Class initialized using 'CodeIgniter\Session\Handlers\FileHandler' driver.
DEBUG - 2025-02-27 21:36:01 --> Session: Class initialized using 'CodeIgniter\Session\Handlers\FileHandler' driver.
DEBUG - 2025-02-27 21:36:05 --> Session: Class initialized using 'CodeIgniter\Session\Handlers\FileHandler' driver.
DEBUG - 2025-02-27 21:36:11 --> Session: Class initialized using 'CodeIgniter\Session\Handlers\FileHandler' driver.
DEBUG - 2025-02-27 21:51:00 --> Session: Class initialized using 'CodeIgniter\Session\Handlers\FileHandler' driver.
WARNING - 2025-02-27 21:51:01 --> [DEPRECATED] Function utf8_decode() is deprecated in APPPATH\Controllers\Productos.php on line 282.
 1 SYSTEMPATH\CodeIgniter.php(933): App\Controllers\Productos->generaMinimosPdf()
 2 SYSTEMPATH\CodeIgniter.php(507): CodeIgniter\CodeIgniter->runController(Object(App\Controllers\Productos))
 3 SYSTEMPATH\CodeIgniter.php(354): CodeIgniter\CodeIgniter->handleRequest(null, Object(Config\Cache), false)
 4 SYSTEMPATH\Boot.php(334): CodeIgniter\CodeIgniter->run()
 5 SYSTEMPATH\Boot.php(67): CodeIgniter\Boot::runCodeIgniter(Object(CodeIgniter\CodeIgniter))
 6 FCPATH\index.php(56): CodeIgniter\Boot::bootWeb(Object(Config\Paths))
WARNING - 2025-02-27 21:51:01 --> [DEPRECATED] Function utf8_decode() is deprecated in APPPATH\Controllers\Productos.php on line 285.
 1 SYSTEMPATH\CodeIgniter.php(933): App\Controllers\Productos->generaMinimosPdf()
 2 SYSTEMPATH\CodeIgniter.php(507): CodeIgniter\CodeIgniter->runController(Object(App\Controllers\Productos))
 3 SYSTEMPATH\CodeIgniter.php(354): CodeIgniter\CodeIgniter->handleRequest(null, Object(Config\Cache), false)
 4 SYSTEMPATH\Boot.php(334): CodeIgniter\CodeIgniter->run()
 5 SYSTEMPATH\Boot.php(67): CodeIgniter\Boot::runCodeIgniter(Object(CodeIgniter\CodeIgniter))
 6 FCPATH\index.php(56): CodeIgniter\Boot::bootWeb(Object(Config\Paths))
WARNING - 2025-02-27 21:51:01 --> [DEPRECATED] Function utf8_decode() is deprecated in APPPATH\Controllers\Productos.php on line 286.
 1 SYSTEMPATH\CodeIgniter.php(933): App\Controllers\Productos->generaMinimosPdf()
 2 SYSTEMPATH\CodeIgniter.php(507): CodeIgniter\CodeIgniter->runController(Object(App\Controllers\Productos))
 3 SYSTEMPATH\CodeIgniter.php(354): CodeIgniter\CodeIgniter->handleRequest(null, Object(Config\Cache), false)
 4 SYSTEMPATH\Boot.php(334): CodeIgniter\CodeIgniter->run()
 5 SYSTEMPATH\Boot.php(67): CodeIgniter\Boot::runCodeIgniter(Object(CodeIgniter\CodeIgniter))
 6 FCPATH\index.php(56): CodeIgniter\Boot::bootWeb(Object(Config\Paths))
WARNING - 2025-02-27 21:51:01 --> [DEPRECATED] Function utf8_decode() is deprecated in APPPATH\Controllers\Productos.php on line 287.
 1 SYSTEMPATH\CodeIgniter.php(933): App\Controllers\Productos->generaMinimosPdf()
 2 SYSTEMPATH\CodeIgniter.php(507): CodeIgniter\CodeIgniter->runController(Object(App\Controllers\Productos))
 3 SYSTEMPATH\CodeIgniter.php(354): CodeIgniter\CodeIgniter->handleRequest(null, Object(Config\Cache), false)
 4 SYSTEMPATH\Boot.php(334): CodeIgniter\CodeIgniter->run()
 5 SYSTEMPATH\Boot.php(67): CodeIgniter\Boot::runCodeIgniter(Object(CodeIgniter\CodeIgniter))
 6 FCPATH\index.php(56): CodeIgniter\Boot::bootWeb(Object(Config\Paths))
WARNING - 2025-02-27 21:51:01 --> [DEPRECATED] Function utf8_decode() is deprecated in APPPATH\Controllers\Productos.php on line 288.
 1 SYSTEMPATH\CodeIgniter.php(933): App\Controllers\Productos->generaMinimosPdf()
 2 SYSTEMPATH\CodeIgniter.php(507): CodeIgniter\CodeIgniter->runController(Object(App\Controllers\Productos))
 3 SYSTEMPATH\CodeIgniter.php(354): CodeIgniter\CodeIgniter->handleRequest(null, Object(Config\Cache), false)
 4 SYSTEMPATH\Boot.php(334): CodeIgniter\CodeIgniter->run()
 5 SYSTEMPATH\Boot.php(67): CodeIgniter\Boot::runCodeIgniter(Object(CodeIgniter\CodeIgniter))
 6 FCPATH\index.php(56): CodeIgniter\Boot::bootWeb(Object(Config\Paths))
DEBUG - 2025-02-27 21:51:03 --> Session: Class initialized using 'CodeIgniter\Session\Handlers\FileHandler' driver.
DEBUG - 2025-02-27 21:51:04 --> Session: Class initialized using 'CodeIgniter\Session\Handlers\FileHandler' driver.
DEBUG - 2025-02-27 21:51:07 --> Session: Class initialized using 'CodeIgniter\Session\Handlers\FileHandler' driver.
DEBUG - 2025-02-27 22:01:13 --> Session: Class initialized using 'CodeIgniter\Session\Handlers\FileHandler' driver.
DEBUG - 2025-02-27 22:01:17 --> Session: Class initialized using 'CodeIgniter\Session\Handlers\FileHandler' driver.
DEBUG - 2025-02-27 22:01:20 --> Session: Class initialized using 'CodeIgniter\Session\Handlers\FileHandler' driver.
DEBUG - 2025-02-27 22:01:21 --> Session: Class initialized using 'CodeIgniter\Session\Handlers\FileHandler' driver.
DEBUG - 2025-02-27 22:04:44 --> Session: Class initialized using 'CodeIgniter\Session\Handlers\FileHandler' driver.
DEBUG - 2025-02-27 22:04:46 --> Session: Class initialized using 'CodeIgniter\Session\Handlers\FileHandler' driver.
DEBUG - 2025-02-27 22:04:48 --> Session: Class initialized using 'CodeIgniter\Session\Handlers\FileHandler' driver.
DEBUG - 2025-02-27 22:23:59 --> Session: Class initialized using 'CodeIgniter\Session\Handlers\FileHandler' driver.
DEBUG - 2025-02-27 22:24:00 --> Session: Class initialized using 'CodeIgniter\Session\Handlers\FileHandler' driver.
DEBUG - 2025-02-27 22:24:02 --> Session: Class initialized using 'CodeIgniter\Session\Handlers\FileHandler' driver.
DEBUG - 2025-02-27 22:24:04 --> Session: Class initialized using 'CodeIgniter\Session\Handlers\FileHandler' driver.
DEBUG - 2025-02-27 22:24:05 --> Session: Class initialized using 'CodeIgniter\Session\Handlers\FileHandler' driver.
DEBUG - 2025-02-27 22:24:09 --> Session: Class initialized using 'CodeIgniter\Session\Handlers\FileHandler' driver.
ERROR - 2025-02-27 22:53:33 --> mysqli_sql_exception: Unknown column 'permiso.nombre' in 'where clause' in C:\xampp\htdocs\punto_venta\system\Database\MySQLi\Connection.php:327
Stack trace:
#0 C:\xampp\htdocs\punto_venta\system\Database\MySQLi\Connection.php(327): mysqli->query('SELECT *\nFROM `...', 0)
#1 C:\xampp\htdocs\punto_venta\system\Database\BaseConnection.php(738): CodeIgniter\Database\MySQLi\Connection->execute('SELECT *\nFROM `...')
#2 C:\xampp\htdocs\punto_venta\system\Database\BaseConnection.php(652): CodeIgniter\Database\BaseConnection->simpleQuery('SELECT *\nFROM `...')
#3 C:\xampp\htdocs\punto_venta\system\Database\BaseBuilder.php(1649): CodeIgniter\Database\BaseConnection->query('SELECT *\nFROM `...', Array, false)
#4 C:\xampp\htdocs\punto_venta\system\Model.php(330): CodeIgniter\Database\BaseBuilder->get()
#5 C:\xampp\htdocs\punto_venta\system\BaseModel.php(713): CodeIgniter\Model->doFirst()
#6 C:\xampp\htdocs\punto_venta\app\Models\DetalleRolesPermisosModel.php(27): CodeIgniter\BaseModel->first()
#7 C:\xampp\htdocs\punto_venta\app\Controllers\Roles.php(128): App\Models\DetalleRolesPermisosModel->verificaPermisos('1', '')
#8 C:\xampp\htdocs\punto_venta\system\CodeIgniter.php(933): App\Controllers\Roles->detalles('1')
#9 C:\xampp\htdocs\punto_venta\system\CodeIgniter.php(507): CodeIgniter\CodeIgniter->runController(Object(App\Controllers\Roles))
#10 C:\xampp\htdocs\punto_venta\system\CodeIgniter.php(354): CodeIgniter\CodeIgniter->handleRequest(NULL, Object(Config\Cache), false)
#11 C:\xampp\htdocs\punto_venta\system\Boot.php(334): CodeIgniter\CodeIgniter->run()
#12 C:\xampp\htdocs\punto_venta\system\Boot.php(67): CodeIgniter\Boot::runCodeIgniter(Object(CodeIgniter\CodeIgniter))
#13 C:\xampp\htdocs\punto_venta\public\index.php(56): CodeIgniter\Boot::bootWeb(Object(Config\Paths))
#14 {main}
CRITICAL - 2025-02-27 22:53:33 --> CodeIgniter\Database\Exceptions\DatabaseException: Unknown column 'permiso.nombre' in 'where clause'
[Method: GET, Route: roles/detalles/1]
in SYSTEMPATH\Database\BaseConnection.php on line 692.
 1 SYSTEMPATH\Database\BaseBuilder.php(1649): CodeIgniter\Database\BaseConnection->query('SELECT *
FROM `detalle_roles_permisos`
JOIN `permisos` ON `detalle_roles_permisos`.`id_permiso` = `permisos`.`id`
WHERE `id_rol` = :id_rol:
AND `permiso`.`nombre` = :permiso.nombre:
 LIMIT 1', [...], false)
 2 SYSTEMPATH\Model.php(330): CodeIgniter\Database\BaseBuilder->get()
 3 SYSTEMPATH\BaseModel.php(713): CodeIgniter\Model->doFirst()
 4 APPPATH\Models\DetalleRolesPermisosModel.php(27): CodeIgniter\BaseModel->first()
 5 APPPATH\Controllers\Roles.php(128): App\Models\DetalleRolesPermisosModel->verificaPermisos('1', '')
 6 SYSTEMPATH\CodeIgniter.php(933): App\Controllers\Roles->detalles('1')
 7 SYSTEMPATH\CodeIgniter.php(507): CodeIgniter\CodeIgniter->runController(Object(App\Controllers\Roles))
 8 SYSTEMPATH\CodeIgniter.php(354): CodeIgniter\CodeIgniter->handleRequest(null, Object(Config\Cache), false)
 9 SYSTEMPATH\Boot.php(334): CodeIgniter\CodeIgniter->run()
10 SYSTEMPATH\Boot.php(67): CodeIgniter\Boot::runCodeIgniter(Object(CodeIgniter\CodeIgniter))
11 FCPATH\index.php(56): CodeIgniter\Boot::bootWeb(Object(Config\Paths))
CRITICAL - 2025-02-27 22:53:33 --> [Caused by] CodeIgniter\Database\Exceptions\DatabaseException: Unknown column 'permiso.nombre' in 'where clause'
in SYSTEMPATH\Database\MySQLi\Connection.php on line 332.
 1 SYSTEMPATH\Database\BaseConnection.php(738): CodeIgniter\Database\MySQLi\Connection->execute('SELECT *
FROM `detalle_roles_permisos`
JOIN `permisos` ON `detalle_roles_permisos`.`id_permiso` = `permisos`.`id`
WHERE `id_rol` = \'1\'
AND `permiso`.`nombre` = \'\'
 LIMIT 1')
 2 SYSTEMPATH\Database\BaseConnection.php(652): CodeIgniter\Database\BaseConnection->simpleQuery('SELECT *
FROM `detalle_roles_permisos`
JOIN `permisos` ON `detalle_roles_permisos`.`id_permiso` = `permisos`.`id`
WHERE `id_rol` = \'1\'
AND `permiso`.`nombre` = \'\'
 LIMIT 1')
 3 SYSTEMPATH\Database\BaseBuilder.php(1649): CodeIgniter\Database\BaseConnection->query('SELECT *
FROM `detalle_roles_permisos`
JOIN `permisos` ON `detalle_roles_permisos`.`id_permiso` = `permisos`.`id`
WHERE `id_rol` = :id_rol:
AND `permiso`.`nombre` = :permiso.nombre:
 LIMIT 1', [...], false)
 4 SYSTEMPATH\Model.php(330): CodeIgniter\Database\BaseBuilder->get()
 5 SYSTEMPATH\BaseModel.php(713): CodeIgniter\Model->doFirst()
 6 APPPATH\Models\DetalleRolesPermisosModel.php(27): CodeIgniter\BaseModel->first()
 7 APPPATH\Controllers\Roles.php(128): App\Models\DetalleRolesPermisosModel->verificaPermisos('1', '')
 8 SYSTEMPATH\CodeIgniter.php(933): App\Controllers\Roles->detalles('1')
 9 SYSTEMPATH\CodeIgniter.php(507): CodeIgniter\CodeIgniter->runController(Object(App\Controllers\Roles))
10 SYSTEMPATH\CodeIgniter.php(354): CodeIgniter\CodeIgniter->handleRequest(null, Object(Config\Cache), false)
11 SYSTEMPATH\Boot.php(334): CodeIgniter\CodeIgniter->run()
12 SYSTEMPATH\Boot.php(67): CodeIgniter\Boot::runCodeIgniter(Object(CodeIgniter\CodeIgniter))
13 FCPATH\index.php(56): CodeIgniter\Boot::bootWeb(Object(Config\Paths))
CRITICAL - 2025-02-27 22:53:33 --> [Caused by] mysqli_sql_exception: Unknown column 'permiso.nombre' in 'where clause'
in SYSTEMPATH\Database\MySQLi\Connection.php on line 327.
 1 SYSTEMPATH\Database\MySQLi\Connection.php(327): mysqli->query('SELECT *
FROM `detalle_roles_permisos`
JOIN `permisos` ON `detalle_roles_permisos`.`id_permiso` = `permisos`.`id`
WHERE `id_rol` = \'1\'
AND `permiso`.`nombre` = \'\'
 LIMIT 1', 0)
 2 SYSTEMPATH\Database\BaseConnection.php(738): CodeIgniter\Database\MySQLi\Connection->execute('SELECT *
FROM `detalle_roles_permisos`
JOIN `permisos` ON `detalle_roles_permisos`.`id_permiso` = `permisos`.`id`
WHERE `id_rol` = \'1\'
AND `permiso`.`nombre` = \'\'
 LIMIT 1')
 3 SYSTEMPATH\Database\BaseConnection.php(652): CodeIgniter\Database\BaseConnection->simpleQuery('SELECT *
FROM `detalle_roles_permisos`
JOIN `permisos` ON `detalle_roles_permisos`.`id_permiso` = `permisos`.`id`
WHERE `id_rol` = \'1\'
AND `permiso`.`nombre` = \'\'
 LIMIT 1')
 4 SYSTEMPATH\Database\BaseBuilder.php(1649): CodeIgniter\Database\BaseConnection->query('SELECT *
FROM `detalle_roles_permisos`
JOIN `permisos` ON `detalle_roles_permisos`.`id_permiso` = `permisos`.`id`
WHERE `id_rol` = :id_rol:
AND `permiso`.`nombre` = :permiso.nombre:
 LIMIT 1', [...], false)
 5 SYSTEMPATH\Model.php(330): CodeIgniter\Database\BaseBuilder->get()
 6 SYSTEMPATH\BaseModel.php(713): CodeIgniter\Model->doFirst()
 7 APPPATH\Models\DetalleRolesPermisosModel.php(27): CodeIgniter\BaseModel->first()
 8 APPPATH\Controllers\Roles.php(128): App\Models\DetalleRolesPermisosModel->verificaPermisos('1', '')
 9 SYSTEMPATH\CodeIgniter.php(933): App\Controllers\Roles->detalles('1')
10 SYSTEMPATH\CodeIgniter.php(507): CodeIgniter\CodeIgniter->runController(Object(App\Controllers\Roles))
11 SYSTEMPATH\CodeIgniter.php(354): CodeIgniter\CodeIgniter->handleRequest(null, Object(Config\Cache), false)
12 SYSTEMPATH\Boot.php(334): CodeIgniter\CodeIgniter->run()
13 SYSTEMPATH\Boot.php(67): CodeIgniter\Boot::runCodeIgniter(Object(CodeIgniter\CodeIgniter))
14 FCPATH\index.php(56): CodeIgniter\Boot::bootWeb(Object(Config\Paths))
DEBUG - 2025-02-27 22:53:36 --> Session: Class initialized using 'CodeIgniter\Session\Handlers\FileHandler' driver.
ERROR - 2025-02-27 22:54:11 --> mysqli_sql_exception: Unknown column 'permiso.nombre' in 'where clause' in C:\xampp\htdocs\punto_venta\system\Database\MySQLi\Connection.php:327
Stack trace:
#0 C:\xampp\htdocs\punto_venta\system\Database\MySQLi\Connection.php(327): mysqli->query('SELECT *\nFROM `...', 0)
#1 C:\xampp\htdocs\punto_venta\system\Database\BaseConnection.php(738): CodeIgniter\Database\MySQLi\Connection->execute('SELECT *\nFROM `...')
#2 C:\xampp\htdocs\punto_venta\system\Database\BaseConnection.php(652): CodeIgniter\Database\BaseConnection->simpleQuery('SELECT *\nFROM `...')
#3 C:\xampp\htdocs\punto_venta\system\Database\BaseBuilder.php(1649): CodeIgniter\Database\BaseConnection->query('SELECT *\nFROM `...', Array, false)
#4 C:\xampp\htdocs\punto_venta\system\Model.php(330): CodeIgniter\Database\BaseBuilder->get()
#5 C:\xampp\htdocs\punto_venta\system\BaseModel.php(713): CodeIgniter\Model->doFirst()
#6 C:\xampp\htdocs\punto_venta\app\Models\DetalleRolesPermisosModel.php(27): CodeIgniter\BaseModel->first()
#7 C:\xampp\htdocs\punto_venta\app\Controllers\Roles.php(128): App\Models\DetalleRolesPermisosModel->verificaPermisos('1', 'MenuProductos')
#8 C:\xampp\htdocs\punto_venta\system\CodeIgniter.php(933): App\Controllers\Roles->detalles('1')
#9 C:\xampp\htdocs\punto_venta\system\CodeIgniter.php(507): CodeIgniter\CodeIgniter->runController(Object(App\Controllers\Roles))
#10 C:\xampp\htdocs\punto_venta\system\CodeIgniter.php(354): CodeIgniter\CodeIgniter->handleRequest(NULL, Object(Config\Cache), false)
#11 C:\xampp\htdocs\punto_venta\system\Boot.php(334): CodeIgniter\CodeIgniter->run()
#12 C:\xampp\htdocs\punto_venta\system\Boot.php(67): CodeIgniter\Boot::runCodeIgniter(Object(CodeIgniter\CodeIgniter))
#13 C:\xampp\htdocs\punto_venta\public\index.php(56): CodeIgniter\Boot::bootWeb(Object(Config\Paths))
#14 {main}
CRITICAL - 2025-02-27 22:54:11 --> CodeIgniter\Database\Exceptions\DatabaseException: Unknown column 'permiso.nombre' in 'where clause'
[Method: GET, Route: roles/detalles/1]
in SYSTEMPATH\Database\BaseConnection.php on line 692.
 1 SYSTEMPATH\Database\BaseBuilder.php(1649): CodeIgniter\Database\BaseConnection->query('SELECT *
FROM `detalle_roles_permisos`
JOIN `permisos` ON `detalle_roles_permisos`.`id_permiso` = `permisos`.`id`
WHERE `id_rol` = :id_rol:
AND `permiso`.`nombre` = :permiso.nombre:
 LIMIT 1', [...], false)
 2 SYSTEMPATH\Model.php(330): CodeIgniter\Database\BaseBuilder->get()
 3 SYSTEMPATH\BaseModel.php(713): CodeIgniter\Model->doFirst()
 4 APPPATH\Models\DetalleRolesPermisosModel.php(27): CodeIgniter\BaseModel->first()
 5 APPPATH\Controllers\Roles.php(128): App\Models\DetalleRolesPermisosModel->verificaPermisos('1', 'MenuProductos')
 6 SYSTEMPATH\CodeIgniter.php(933): App\Controllers\Roles->detalles('1')
 7 SYSTEMPATH\CodeIgniter.php(507): CodeIgniter\CodeIgniter->runController(Object(App\Controllers\Roles))
 8 SYSTEMPATH\CodeIgniter.php(354): CodeIgniter\CodeIgniter->handleRequest(null, Object(Config\Cache), false)
 9 SYSTEMPATH\Boot.php(334): CodeIgniter\CodeIgniter->run()
10 SYSTEMPATH\Boot.php(67): CodeIgniter\Boot::runCodeIgniter(Object(CodeIgniter\CodeIgniter))
11 FCPATH\index.php(56): CodeIgniter\Boot::bootWeb(Object(Config\Paths))
CRITICAL - 2025-02-27 22:54:11 --> [Caused by] CodeIgniter\Database\Exceptions\DatabaseException: Unknown column 'permiso.nombre' in 'where clause'
in SYSTEMPATH\Database\MySQLi\Connection.php on line 332.
 1 SYSTEMPATH\Database\BaseConnection.php(738): CodeIgniter\Database\MySQLi\Connection->execute('SELECT *
FROM `detalle_roles_permisos`
JOIN `permisos` ON `detalle_roles_permisos`.`id_permiso` = `permisos`.`id`
WHERE `id_rol` = \'1\'
AND `permiso`.`nombre` = \'MenuProductos\'
 LIMIT 1')
 2 SYSTEMPATH\Database\BaseConnection.php(652): CodeIgniter\Database\BaseConnection->simpleQuery('SELECT *
FROM `detalle_roles_permisos`
JOIN `permisos` ON `detalle_roles_permisos`.`id_permiso` = `permisos`.`id`
WHERE `id_rol` = \'1\'
AND `permiso`.`nombre` = \'MenuProductos\'
 LIMIT 1')
 3 SYSTEMPATH\Database\BaseBuilder.php(1649): CodeIgniter\Database\BaseConnection->query('SELECT *
FROM `detalle_roles_permisos`
JOIN `permisos` ON `detalle_roles_permisos`.`id_permiso` = `permisos`.`id`
WHERE `id_rol` = :id_rol:
AND `permiso`.`nombre` = :permiso.nombre:
 LIMIT 1', [...], false)
 4 SYSTEMPATH\Model.php(330): CodeIgniter\Database\BaseBuilder->get()
 5 SYSTEMPATH\BaseModel.php(713): CodeIgniter\Model->doFirst()
 6 APPPATH\Models\DetalleRolesPermisosModel.php(27): CodeIgniter\BaseModel->first()
 7 APPPATH\Controllers\Roles.php(128): App\Models\DetalleRolesPermisosModel->verificaPermisos('1', 'MenuProductos')
 8 SYSTEMPATH\CodeIgniter.php(933): App\Controllers\Roles->detalles('1')
 9 SYSTEMPATH\CodeIgniter.php(507): CodeIgniter\CodeIgniter->runController(Object(App\Controllers\Roles))
10 SYSTEMPATH\CodeIgniter.php(354): CodeIgniter\CodeIgniter->handleRequest(null, Object(Config\Cache), false)
11 SYSTEMPATH\Boot.php(334): CodeIgniter\CodeIgniter->run()
12 SYSTEMPATH\Boot.php(67): CodeIgniter\Boot::runCodeIgniter(Object(CodeIgniter\CodeIgniter))
13 FCPATH\index.php(56): CodeIgniter\Boot::bootWeb(Object(Config\Paths))
CRITICAL - 2025-02-27 22:54:11 --> [Caused by] mysqli_sql_exception: Unknown column 'permiso.nombre' in 'where clause'
in SYSTEMPATH\Database\MySQLi\Connection.php on line 327.
 1 SYSTEMPATH\Database\MySQLi\Connection.php(327): mysqli->query('SELECT *
FROM `detalle_roles_permisos`
JOIN `permisos` ON `detalle_roles_permisos`.`id_permiso` = `permisos`.`id`
WHERE `id_rol` = \'1\'
AND `permiso`.`nombre` = \'MenuProductos\'
 LIMIT 1', 0)
 2 SYSTEMPATH\Database\BaseConnection.php(738): CodeIgniter\Database\MySQLi\Connection->execute('SELECT *
FROM `detalle_roles_permisos`
JOIN `permisos` ON `detalle_roles_permisos`.`id_permiso` = `permisos`.`id`
WHERE `id_rol` = \'1\'
AND `permiso`.`nombre` = \'MenuProductos\'
 LIMIT 1')
 3 SYSTEMPATH\Database\BaseConnection.php(652): CodeIgniter\Database\BaseConnection->simpleQuery('SELECT *
FROM `detalle_roles_permisos`
JOIN `permisos` ON `detalle_roles_permisos`.`id_permiso` = `permisos`.`id`
WHERE `id_rol` = \'1\'
AND `permiso`.`nombre` = \'MenuProductos\'
 LIMIT 1')
 4 SYSTEMPATH\Database\BaseBuilder.php(1649): CodeIgniter\Database\BaseConnection->query('SELECT *
FROM `detalle_roles_permisos`
JOIN `permisos` ON `detalle_roles_permisos`.`id_permiso` = `permisos`.`id`
WHERE `id_rol` = :id_rol:
AND `permiso`.`nombre` = :permiso.nombre:
 LIMIT 1', [...], false)
 5 SYSTEMPATH\Model.php(330): CodeIgniter\Database\BaseBuilder->get()
 6 SYSTEMPATH\BaseModel.php(713): CodeIgniter\Model->doFirst()
 7 APPPATH\Models\DetalleRolesPermisosModel.php(27): CodeIgniter\BaseModel->first()
 8 APPPATH\Controllers\Roles.php(128): App\Models\DetalleRolesPermisosModel->verificaPermisos('1', 'MenuProductos')
 9 SYSTEMPATH\CodeIgniter.php(933): App\Controllers\Roles->detalles('1')
10 SYSTEMPATH\CodeIgniter.php(507): CodeIgniter\CodeIgniter->runController(Object(App\Controllers\Roles))
11 SYSTEMPATH\CodeIgniter.php(354): CodeIgniter\CodeIgniter->handleRequest(null, Object(Config\Cache), false)
12 SYSTEMPATH\Boot.php(334): CodeIgniter\CodeIgniter->run()
13 SYSTEMPATH\Boot.php(67): CodeIgniter\Boot::runCodeIgniter(Object(CodeIgniter\CodeIgniter))
14 FCPATH\index.php(56): CodeIgniter\Boot::bootWeb(Object(Config\Paths))
ERROR - 2025-02-27 22:54:13 --> mysqli_sql_exception: Unknown column 'permiso.nombre' in 'where clause' in C:\xampp\htdocs\punto_venta\system\Database\MySQLi\Connection.php:327
Stack trace:
#0 C:\xampp\htdocs\punto_venta\system\Database\MySQLi\Connection.php(327): mysqli->query('SELECT *\nFROM `...', 0)
#1 C:\xampp\htdocs\punto_venta\system\Database\BaseConnection.php(738): CodeIgniter\Database\MySQLi\Connection->execute('SELECT *\nFROM `...')
#2 C:\xampp\htdocs\punto_venta\system\Database\BaseConnection.php(652): CodeIgniter\Database\BaseConnection->simpleQuery('SELECT *\nFROM `...')
#3 C:\xampp\htdocs\punto_venta\system\Database\BaseBuilder.php(1649): CodeIgniter\Database\BaseConnection->query('SELECT *\nFROM `...', Array, false)
#4 C:\xampp\htdocs\punto_venta\system\Model.php(330): CodeIgniter\Database\BaseBuilder->get()
#5 C:\xampp\htdocs\punto_venta\system\BaseModel.php(713): CodeIgniter\Model->doFirst()
#6 C:\xampp\htdocs\punto_venta\app\Models\DetalleRolesPermisosModel.php(27): CodeIgniter\BaseModel->first()
#7 C:\xampp\htdocs\punto_venta\app\Controllers\Roles.php(128): App\Models\DetalleRolesPermisosModel->verificaPermisos('1', 'MenuProductos')
#8 C:\xampp\htdocs\punto_venta\system\CodeIgniter.php(933): App\Controllers\Roles->detalles('1')
#9 C:\xampp\htdocs\punto_venta\system\CodeIgniter.php(507): CodeIgniter\CodeIgniter->runController(Object(App\Controllers\Roles))
#10 C:\xampp\htdocs\punto_venta\system\CodeIgniter.php(354): CodeIgniter\CodeIgniter->handleRequest(NULL, Object(Config\Cache), false)
#11 C:\xampp\htdocs\punto_venta\system\Boot.php(334): CodeIgniter\CodeIgniter->run()
#12 C:\xampp\htdocs\punto_venta\system\Boot.php(67): CodeIgniter\Boot::runCodeIgniter(Object(CodeIgniter\CodeIgniter))
#13 C:\xampp\htdocs\punto_venta\public\index.php(56): CodeIgniter\Boot::bootWeb(Object(Config\Paths))
#14 {main}
CRITICAL - 2025-02-27 22:54:13 --> CodeIgniter\Database\Exceptions\DatabaseException: Unknown column 'permiso.nombre' in 'where clause'
[Method: GET, Route: roles/detalles/1]
in SYSTEMPATH\Database\BaseConnection.php on line 692.
 1 SYSTEMPATH\Database\BaseBuilder.php(1649): CodeIgniter\Database\BaseConnection->query('SELECT *
FROM `detalle_roles_permisos`
JOIN `permisos` ON `detalle_roles_permisos`.`id_permiso` = `permisos`.`id`
WHERE `id_rol` = :id_rol:
AND `permiso`.`nombre` = :permiso.nombre:
 LIMIT 1', [...], false)
 2 SYSTEMPATH\Model.php(330): CodeIgniter\Database\BaseBuilder->get()
 3 SYSTEMPATH\BaseModel.php(713): CodeIgniter\Model->doFirst()
 4 APPPATH\Models\DetalleRolesPermisosModel.php(27): CodeIgniter\BaseModel->first()
 5 APPPATH\Controllers\Roles.php(128): App\Models\DetalleRolesPermisosModel->verificaPermisos('1', 'MenuProductos')
 6 SYSTEMPATH\CodeIgniter.php(933): App\Controllers\Roles->detalles('1')
 7 SYSTEMPATH\CodeIgniter.php(507): CodeIgniter\CodeIgniter->runController(Object(App\Controllers\Roles))
 8 SYSTEMPATH\CodeIgniter.php(354): CodeIgniter\CodeIgniter->handleRequest(null, Object(Config\Cache), false)
 9 SYSTEMPATH\Boot.php(334): CodeIgniter\CodeIgniter->run()
10 SYSTEMPATH\Boot.php(67): CodeIgniter\Boot::runCodeIgniter(Object(CodeIgniter\CodeIgniter))
11 FCPATH\index.php(56): CodeIgniter\Boot::bootWeb(Object(Config\Paths))
CRITICAL - 2025-02-27 22:54:13 --> [Caused by] CodeIgniter\Database\Exceptions\DatabaseException: Unknown column 'permiso.nombre' in 'where clause'
in SYSTEMPATH\Database\MySQLi\Connection.php on line 332.
 1 SYSTEMPATH\Database\BaseConnection.php(738): CodeIgniter\Database\MySQLi\Connection->execute('SELECT *
FROM `detalle_roles_permisos`
JOIN `permisos` ON `detalle_roles_permisos`.`id_permiso` = `permisos`.`id`
WHERE `id_rol` = \'1\'
AND `permiso`.`nombre` = \'MenuProductos\'
 LIMIT 1')
 2 SYSTEMPATH\Database\BaseConnection.php(652): CodeIgniter\Database\BaseConnection->simpleQuery('SELECT *
FROM `detalle_roles_permisos`
JOIN `permisos` ON `detalle_roles_permisos`.`id_permiso` = `permisos`.`id`
WHERE `id_rol` = \'1\'
AND `permiso`.`nombre` = \'MenuProductos\'
 LIMIT 1')
 3 SYSTEMPATH\Database\BaseBuilder.php(1649): CodeIgniter\Database\BaseConnection->query('SELECT *
FROM `detalle_roles_permisos`
JOIN `permisos` ON `detalle_roles_permisos`.`id_permiso` = `permisos`.`id`
WHERE `id_rol` = :id_rol:
AND `permiso`.`nombre` = :permiso.nombre:
 LIMIT 1', [...], false)
 4 SYSTEMPATH\Model.php(330): CodeIgniter\Database\BaseBuilder->get()
 5 SYSTEMPATH\BaseModel.php(713): CodeIgniter\Model->doFirst()
 6 APPPATH\Models\DetalleRolesPermisosModel.php(27): CodeIgniter\BaseModel->first()
 7 APPPATH\Controllers\Roles.php(128): App\Models\DetalleRolesPermisosModel->verificaPermisos('1', 'MenuProductos')
 8 SYSTEMPATH\CodeIgniter.php(933): App\Controllers\Roles->detalles('1')
 9 SYSTEMPATH\CodeIgniter.php(507): CodeIgniter\CodeIgniter->runController(Object(App\Controllers\Roles))
10 SYSTEMPATH\CodeIgniter.php(354): CodeIgniter\CodeIgniter->handleRequest(null, Object(Config\Cache), false)
11 SYSTEMPATH\Boot.php(334): CodeIgniter\CodeIgniter->run()
12 SYSTEMPATH\Boot.php(67): CodeIgniter\Boot::runCodeIgniter(Object(CodeIgniter\CodeIgniter))
13 FCPATH\index.php(56): CodeIgniter\Boot::bootWeb(Object(Config\Paths))
CRITICAL - 2025-02-27 22:54:13 --> [Caused by] mysqli_sql_exception: Unknown column 'permiso.nombre' in 'where clause'
in SYSTEMPATH\Database\MySQLi\Connection.php on line 327.
 1 SYSTEMPATH\Database\MySQLi\Connection.php(327): mysqli->query('SELECT *
FROM `detalle_roles_permisos`
JOIN `permisos` ON `detalle_roles_permisos`.`id_permiso` = `permisos`.`id`
WHERE `id_rol` = \'1\'
AND `permiso`.`nombre` = \'MenuProductos\'
 LIMIT 1', 0)
 2 SYSTEMPATH\Database\BaseConnection.php(738): CodeIgniter\Database\MySQLi\Connection->execute('SELECT *
FROM `detalle_roles_permisos`
JOIN `permisos` ON `detalle_roles_permisos`.`id_permiso` = `permisos`.`id`
WHERE `id_rol` = \'1\'
AND `permiso`.`nombre` = \'MenuProductos\'
 LIMIT 1')
 3 SYSTEMPATH\Database\BaseConnection.php(652): CodeIgniter\Database\BaseConnection->simpleQuery('SELECT *
FROM `detalle_roles_permisos`
JOIN `permisos` ON `detalle_roles_permisos`.`id_permiso` = `permisos`.`id`
WHERE `id_rol` = \'1\'
AND `permiso`.`nombre` = \'MenuProductos\'
 LIMIT 1')
 4 SYSTEMPATH\Database\BaseBuilder.php(1649): CodeIgniter\Database\BaseConnection->query('SELECT *
FROM `detalle_roles_permisos`
JOIN `permisos` ON `detalle_roles_permisos`.`id_permiso` = `permisos`.`id`
WHERE `id_rol` = :id_rol:
AND `permiso`.`nombre` = :permiso.nombre:
 LIMIT 1', [...], false)
 5 SYSTEMPATH\Model.php(330): CodeIgniter\Database\BaseBuilder->get()
 6 SYSTEMPATH\BaseModel.php(713): CodeIgniter\Model->doFirst()
 7 APPPATH\Models\DetalleRolesPermisosModel.php(27): CodeIgniter\BaseModel->first()
 8 APPPATH\Controllers\Roles.php(128): App\Models\DetalleRolesPermisosModel->verificaPermisos('1', 'MenuProductos')
 9 SYSTEMPATH\CodeIgniter.php(933): App\Controllers\Roles->detalles('1')
10 SYSTEMPATH\CodeIgniter.php(507): CodeIgniter\CodeIgniter->runController(Object(App\Controllers\Roles))
11 SYSTEMPATH\CodeIgniter.php(354): CodeIgniter\CodeIgniter->handleRequest(null, Object(Config\Cache), false)
12 SYSTEMPATH\Boot.php(334): CodeIgniter\CodeIgniter->run()
13 SYSTEMPATH\Boot.php(67): CodeIgniter\Boot::runCodeIgniter(Object(CodeIgniter\CodeIgniter))
14 FCPATH\index.php(56): CodeIgniter\Boot::bootWeb(Object(Config\Paths))
DEBUG - 2025-02-27 22:54:50 --> Session: Class initialized using 'CodeIgniter\Session\Handlers\FileHandler' driver.
